<?xml version="1.0" encoding="UTF-8"?>
<!-- Generated by org.testng.reporters.JUnitReportReporter -->
<testsuite hostname="Madhusudans-MacBook-Pro.local" failures="0" tests="1" name="com.practiceprograms.ReverseOfArray" time="0.024" errors="0" timestamp="2022-12-06T19:00:33 EST" skipped="0">
  <testcase classname="com.practiceprograms.ReverseOfArray" name="f" time="0.024"/>
  <system-out/>
</testsuite> <!-- com.practiceprograms.ReverseOfArray -->
